<?xml version="1.0" encoding="UTF-8"?>
<testsuite xmlns:xsi="http://www.w3.org/2001/XMLSchema-instance" xsi:noNamespaceSchemaLocation="https://maven.apache.org/surefire/maven-surefire-plugin/xsd/surefire-test-report.xsd" name="scheduler.TestFileSystemScheduler" time="0.113" tests="4" errors="0" skipped="0" failures="0">
  <properties>
    <property name="sun.desktop" value="gnome"/>
    <property name="awt.toolkit" value="sun.awt.X11.XToolkit"/>
    <property name="file.encoding.pkg" value="sun.io"/>
    <property name="java.specification.version" value="1.8"/>
    <property name="sun.cpu.isalist" value=""/>
    <property name="sun.jnu.encoding" value="UTF-8"/>
    <property name="java.class.path" value="/home/ghe10/ghe10/distributed_system/DS/target/test-classes:/home/ghe10/ghe10/distributed_system/DS/target/classes:/home/ghe10/.m2/repository/junit/junit/4.10/junit-4.10.jar:/home/ghe10/.m2/repository/org/hamcrest/hamcrest-core/1.1/hamcrest-core-1.1.jar:/home/ghe10/.m2/repository/org/mockito/mockito-all/2.0.2-beta/mockito-all-2.0.2-beta.jar:/home/ghe10/.m2/repository/org/powermock/powermock-module-junit4/1.6.6/powermock-module-junit4-1.6.6.jar:/home/ghe10/.m2/repository/org/powermock/powermock-module-junit4-common/1.6.6/powermock-module-junit4-common-1.6.6.jar:/home/ghe10/.m2/repository/org/powermock/powermock-core/1.6.6/powermock-core-1.6.6.jar:/home/ghe10/.m2/repository/org/javassist/javassist/3.21.0-GA/javassist-3.21.0-GA.jar:/home/ghe10/.m2/repository/org/powermock/powermock-reflect/1.6.6/powermock-reflect-1.6.6.jar:/home/ghe10/.m2/repository/org/powermock/powermock-api-mockito/1.6.6/powermock-api-mockito-1.6.6.jar:/home/ghe10/.m2/repository/org/mockito/mockito-core/1.10.19/mockito-core-1.10.19.jar:/home/ghe10/.m2/repository/org/objenesis/objenesis/2.1/objenesis-2.1.jar:/home/ghe10/.m2/repository/org/powermock/powermock-api-mockito-common/1.6.6/powermock-api-mockito-common-1.6.6.jar:/home/ghe10/.m2/repository/org/powermock/powermock-api-support/1.6.6/powermock-api-support-1.6.6.jar:/home/ghe10/.m2/repository/args4j/args4j/2.33/args4j-2.33.jar:/home/ghe10/.m2/repository/org/apache/zookeeper/zookeeper/3.4.10/zookeeper-3.4.10.jar:/home/ghe10/.m2/repository/org/slf4j/slf4j-api/1.6.1/slf4j-api-1.6.1.jar:/home/ghe10/.m2/repository/org/slf4j/slf4j-log4j12/1.6.1/slf4j-log4j12-1.6.1.jar:/home/ghe10/.m2/repository/log4j/log4j/1.2.16/log4j-1.2.16.jar:/home/ghe10/.m2/repository/jline/jline/0.9.94/jline-0.9.94.jar:/home/ghe10/.m2/repository/io/netty/netty/3.10.5.Final/netty-3.10.5.Final.jar:/home/ghe10/.m2/repository/com/sun/xml/security/xml-security-impl/1.0/xml-security-impl-1.0.jar:/home/ghe10/.m2/repository/org/apache/commons/commons-lang3/3.5/commons-lang3-3.5.jar:"/>
    <property name="java.vm.vendor" value="Oracle Corporation"/>
    <property name="sun.arch.data.model" value="64"/>
    <property name="java.vendor.url" value="http://java.oracle.com/"/>
    <property name="user.timezone" value=""/>
    <property name="java.vm.specification.version" value="1.8"/>
    <property name="os.name" value="Linux"/>
    <property name="user.country" value="US"/>
    <property name="sun.java.launcher" value="SUN_STANDARD"/>
    <property name="sun.boot.library.path" value="/usr/lib/jvm/java-8-openjdk-amd64/jre/lib/amd64"/>
    <property name="sun.java.command" value="/home/ghe10/ghe10/distributed_system/DS/target/surefire/surefirebooter2491407854742875522.jar /home/ghe10/ghe10/distributed_system/DS/target/surefire 2017-11-07T17-34-01_567-jvmRun1 surefire1334604274991827898tmp surefire_0631520641562024834tmp"/>
    <property name="surefire.test.class.path" value="/home/ghe10/ghe10/distributed_system/DS/target/test-classes:/home/ghe10/ghe10/distributed_system/DS/target/classes:/home/ghe10/.m2/repository/junit/junit/4.10/junit-4.10.jar:/home/ghe10/.m2/repository/org/hamcrest/hamcrest-core/1.1/hamcrest-core-1.1.jar:/home/ghe10/.m2/repository/org/mockito/mockito-all/2.0.2-beta/mockito-all-2.0.2-beta.jar:/home/ghe10/.m2/repository/org/powermock/powermock-module-junit4/1.6.6/powermock-module-junit4-1.6.6.jar:/home/ghe10/.m2/repository/org/powermock/powermock-module-junit4-common/1.6.6/powermock-module-junit4-common-1.6.6.jar:/home/ghe10/.m2/repository/org/powermock/powermock-core/1.6.6/powermock-core-1.6.6.jar:/home/ghe10/.m2/repository/org/javassist/javassist/3.21.0-GA/javassist-3.21.0-GA.jar:/home/ghe10/.m2/repository/org/powermock/powermock-reflect/1.6.6/powermock-reflect-1.6.6.jar:/home/ghe10/.m2/repository/org/powermock/powermock-api-mockito/1.6.6/powermock-api-mockito-1.6.6.jar:/home/ghe10/.m2/repository/org/mockito/mockito-core/1.10.19/mockito-core-1.10.19.jar:/home/ghe10/.m2/repository/org/objenesis/objenesis/2.1/objenesis-2.1.jar:/home/ghe10/.m2/repository/org/powermock/powermock-api-mockito-common/1.6.6/powermock-api-mockito-common-1.6.6.jar:/home/ghe10/.m2/repository/org/powermock/powermock-api-support/1.6.6/powermock-api-support-1.6.6.jar:/home/ghe10/.m2/repository/args4j/args4j/2.33/args4j-2.33.jar:/home/ghe10/.m2/repository/org/apache/zookeeper/zookeeper/3.4.10/zookeeper-3.4.10.jar:/home/ghe10/.m2/repository/org/slf4j/slf4j-api/1.6.1/slf4j-api-1.6.1.jar:/home/ghe10/.m2/repository/org/slf4j/slf4j-log4j12/1.6.1/slf4j-log4j12-1.6.1.jar:/home/ghe10/.m2/repository/log4j/log4j/1.2.16/log4j-1.2.16.jar:/home/ghe10/.m2/repository/jline/jline/0.9.94/jline-0.9.94.jar:/home/ghe10/.m2/repository/io/netty/netty/3.10.5.Final/netty-3.10.5.Final.jar:/home/ghe10/.m2/repository/com/sun/xml/security/xml-security-impl/1.0/xml-security-impl-1.0.jar:/home/ghe10/.m2/repository/org/apache/commons/commons-lang3/3.5/commons-lang3-3.5.jar:"/>
    <property name="sun.cpu.endian" value="little"/>
    <property name="user.home" value="/home/ghe10"/>
    <property name="user.language" value="en"/>
    <property name="java.specification.vendor" value="Oracle Corporation"/>
    <property name="java.home" value="/usr/lib/jvm/java-8-openjdk-amd64/jre"/>
    <property name="basedir" value="/home/ghe10/ghe10/distributed_system/DS"/>
    <property name="file.separator" value="/"/>
    <property name="line.separator" value="&#10;"/>
    <property name="java.vm.specification.vendor" value="Oracle Corporation"/>
    <property name="java.specification.name" value="Java Platform API Specification"/>
    <property name="java.awt.graphicsenv" value="sun.awt.X11GraphicsEnvironment"/>
    <property name="surefire.real.class.path" value="/home/ghe10/ghe10/distributed_system/DS/target/surefire/surefirebooter2491407854742875522.jar"/>
    <property name="sun.boot.class.path" value="/usr/lib/jvm/java-8-openjdk-amd64/jre/lib/resources.jar:/usr/lib/jvm/java-8-openjdk-amd64/jre/lib/rt.jar:/usr/lib/jvm/java-8-openjdk-amd64/jre/lib/sunrsasign.jar:/usr/lib/jvm/java-8-openjdk-amd64/jre/lib/jsse.jar:/usr/lib/jvm/java-8-openjdk-amd64/jre/lib/jce.jar:/usr/lib/jvm/java-8-openjdk-amd64/jre/lib/charsets.jar:/usr/lib/jvm/java-8-openjdk-amd64/jre/lib/jfr.jar:/usr/lib/jvm/java-8-openjdk-amd64/jre/classes"/>
    <property name="sun.management.compiler" value="HotSpot 64-Bit Tiered Compilers"/>
    <property name="java.runtime.version" value="1.8.0_131-8u131-b11-2ubuntu1.16.04.3-b11"/>
    <property name="user.name" value="ghe10"/>
    <property name="path.separator" value=":"/>
    <property name="os.version" value="4.10.0-38-generic"/>
    <property name="java.endorsed.dirs" value="/usr/lib/jvm/java-8-openjdk-amd64/jre/lib/endorsed"/>
    <property name="java.runtime.name" value="OpenJDK Runtime Environment"/>
    <property name="file.encoding" value="UTF-8"/>
    <property name="java.vm.name" value="OpenJDK 64-Bit Server VM"/>
    <property name="localRepository" value="/home/ghe10/.m2/repository"/>
    <property name="java.vendor.url.bug" value="http://bugreport.sun.com/bugreport/"/>
    <property name="java.io.tmpdir" value="/tmp"/>
    <property name="java.version" value="1.8.0_131"/>
    <property name="user.dir" value="/home/ghe10/ghe10/distributed_system/DS"/>
    <property name="os.arch" value="amd64"/>
    <property name="java.vm.specification.name" value="Java Virtual Machine Specification"/>
    <property name="java.awt.printerjob" value="sun.print.PSPrinterJob"/>
    <property name="sun.os.patch.level" value="unknown"/>
    <property name="java.library.path" value="/usr/java/packages/lib/amd64:/usr/lib/x86_64-linux-gnu/jni:/lib/x86_64-linux-gnu:/usr/lib/x86_64-linux-gnu:/usr/lib/jni:/lib:/usr/lib"/>
    <property name="java.vm.info" value="mixed mode"/>
    <property name="java.vendor" value="Oracle Corporation"/>
    <property name="java.vm.version" value="25.131-b11"/>
    <property name="java.ext.dirs" value="/usr/lib/jvm/java-8-openjdk-amd64/jre/lib/ext:/usr/java/packages/lib/ext"/>
    <property name="sun.io.unicode.encoding" value="UnicodeLittle"/>
    <property name="java.class.version" value="52.0"/>
  </properties>
  <testcase name="setAllFileStorageInfoTest" classname="scheduler.TestFileSystemScheduler" time="0.097"/>
  <testcase name="scheduleMainReplicaTest" classname="scheduler.TestFileSystemScheduler" time="0.002"/>
  <testcase name="scheduleMainReplicaNullTest" classname="scheduler.TestFileSystemScheduler" time="0"/>
  <testcase name="scheduleFileGetTest" classname="scheduler.TestFileSystemScheduler" time="0.009"/>
</testsuite>